<?xml version="1.0" encoding="UTF-8"?>
<testsuite name="AddNewContact" tests="6" skipped="0" failures="0" errors="0" timestamp="2023-01-21T17:59:45" hostname="LAPTOP-VMDB1CS4" time="17.928">
  <properties/>
  <testcase name="addNewContactPositiveTest" classname="AddNewContact" time="3.706"/>
  <testcase name="addNewContactPositiveTest" classname="AddNewContact" time="2.623"/>
  <testcase name="addNewContactPositiveTest" classname="AddNewContact" time="2.733"/>
  <testcase name="addNewContactPositiveTest" classname="AddNewContact" time="2.896"/>
  <testcase name="addNewContactPositiveTest" classname="AddNewContact" time="2.911"/>
  <testcase name="addNewContactPositiveTestOld" classname="AddNewContact" time="2.915"/>
  <system-out><![CDATA[]]></system-out>
  <system-err><![CDATA[console.warn: LoginRecipes: "Falling back to a synchronous message for: https://telranedu.web.app."
]]></system-err>
</testsuite>
